# JRE version: OpenJDK Runtime Environment Temurin-17.0.16+8 (17.0.16+8) (build 17.0.16+8)
# Java VM: OpenJDK 64-Bit Server VM Temurin-17.0.16+8 (17.0.16+8, mixed mode, emulated-client, sharing, tiered, compressed oops, compressed class ptrs, g1 gc, windows-amd64)
GC Precious Log:
 CPUs: 8 total, 8 available
 Memory: 7502M
 Large Page Support: Disabled
 NUMA Support: Disabled
 Compressed Oops: Enabled (32-bit)
 Heap Region Size: 1M
 Heap Min Capacity: 8M
 Heap Initial Capacity: 118M
 Heap Max Capacity: 1876M
 Pre-touch: Disabled
 Parallel Workers: 8
 Concurrent Workers: 2
 Concurrent Refinement Workers: 8
 Periodic GC: Disabled
Heap:
 garbage-first heap   total 110592K, used 41757K [0x000000008ac00000, 0x0000000100000000)
  region size 1024K, 16 young (16384K), 4 survivors (4096K)
 Metaspace       used 72453K, committed 73600K, reserved 1114112K
  class space    used 10474K, committed 11008K, reserved 1048576K
GC Heap History (20 events):
Event: 701.536 GC heap after
{Heap after GC invocations=63 (full 16):
 garbage-first heap   total 92160K, used 26599K [0x000000008ac00000, 0x0000000100000000)
  region size 1024K, 0 young (0K), 0 survivors (0K)
 Metaspace       used 71264K, committed 72192K, reserved 1114112K
  class space    used 10333K, committed 10752K, reserved 1048576K
}
Event: 703.414 GC heap before
{Heap before GC invocations=63 (full 16):
 garbage-first heap   total 92160K, used 68583K [0x000000008ac00000, 0x0000000100000000)
  region size 1024K, 42 young (43008K), 0 survivors (0K)
 Metaspace       used 71410K, committed 72320K, reserved 1114112K
  class space    used 10347K, committed 10752K, reserved 1048576K
}
Event: 703.421 GC heap after
{Heap after GC invocations=64 (full 16):
 garbage-first heap   total 92160K, used 30884K [0x000000008ac00000, 0x0000000100000000)
  region size 1024K, 5 young (5120K), 5 survivors (5120K)
 Metaspace       used 71410K, committed 72320K, reserved 1114112K
  class space    used 10347K, committed 10752K, reserved 1048576K
}
Event: 705.199 GC heap before
{Heap before GC invocations=64 (full 16):
 garbage-first heap   total 92160K, used 43172K [0x000000008ac00000, 0x0000000100000000)
  region size 1024K, 18 young (18432K), 5 survivors (5120K)
 Metaspace       used 71855K, committed 72960K, reserved 1114112K
  class space    used 10435K, committed 10944K, reserved 1048576K
}
Event: 705.242 GC heap after
{Heap after GC invocations=65 (full 17):
 garbage-first heap   total 92160K, used 26141K [0x000000008ac00000, 0x0000000100000000)
  region size 1024K, 0 young (0K), 0 survivors (0K)
 Metaspace       used 71798K, committed 72960K, reserved 1114112K
  class space    used 10421K, committed 10944K, reserved 1048576K
}
Event: 705.624 GC heap before
{Heap before GC invocations=65 (full 17):
 garbage-first heap   total 92160K, used 68125K [0x000000008ac00000, 0x0000000100000000)
  region size 1024K, 42 young (43008K), 0 survivors (0K)
 Metaspace       used 71934K, committed 73024K, reserved 1114112K
  class space    used 10433K, committed 10944K, reserved 1048576K
}
Event: 705.628 GC heap after
{Heap after GC invocations=66 (full 17):
 garbage-first heap   total 92160K, used 29970K [0x000000008ac00000, 0x0000000100000000)
  region size 1024K, 4 young (4096K), 4 survivors (4096K)
 Metaspace       used 71934K, committed 73024K, reserved 1114112K
  class space    used 10433K, committed 10944K, reserved 1048576K
}
Event: 716.417 GC heap before
{Heap before GC invocations=66 (full 17):
 garbage-first heap   total 92160K, used 41234K [0x000000008ac00000, 0x0000000100000000)
  region size 1024K, 16 young (16384K), 4 survivors (4096K)
 Metaspace       used 71971K, committed 73088K, reserved 1114112K
  class space    used 10436K, committed 10944K, reserved 1048576K
}
Event: 716.457 GC heap after
{Heap after GC invocations=67 (full 18):
 garbage-first heap   total 92160K, used 26356K [0x000000008ac00000, 0x0000000100000000)
  region size 1024K, 0 young (0K), 0 survivors (0K)
 Metaspace       used 71968K, committed 73088K, reserved 1114112K
  class space    used 10435K, committed 10944K, reserved 1048576K
}
Event: 716.885 GC heap before
{Heap before GC invocations=67 (full 18):
 garbage-first heap   total 92160K, used 69364K [0x000000008ac00000, 0x0000000100000000)
  region size 1024K, 43 young (44032K), 0 survivors (0K)
 Metaspace       used 72129K, committed 73216K, reserved 1114112K
  class space    used 10448K, committed 10944K, reserved 1048576K
}
Event: 716.890 GC heap after
{Heap after GC invocations=68 (full 18):
 garbage-first heap   total 92160K, used 30417K [0x000000008ac00000, 0x0000000100000000)
  region size 1024K, 4 young (4096K), 4 survivors (4096K)
 Metaspace       used 72129K, committed 73216K, reserved 1114112K
  class space    used 10448K, committed 10944K, reserved 1048576K
}
Event: 721.539 GC heap before
{Heap before GC invocations=68 (full 18):
 garbage-first heap   total 92160K, used 40657K [0x000000008ac00000, 0x0000000100000000)
  region size 1024K, 15 young (15360K), 4 survivors (4096K)
 Metaspace       used 72132K, committed 73216K, reserved 1114112K
  class space    used 10448K, committed 10944K, reserved 1048576K
}
Event: 721.580 GC heap after
{Heap after GC invocations=69 (full 19):
 garbage-first heap   total 92160K, used 26355K [0x000000008ac00000, 0x0000000100000000)
  region size 1024K, 0 young (0K), 0 survivors (0K)
 Metaspace       used 72129K, committed 73216K, reserved 1114112K
  class space    used 10448K, committed 10944K, reserved 1048576K
}
Event: 722.169 GC heap before
{Heap before GC invocations=69 (full 19):
 garbage-first heap   total 92160K, used 68339K [0x000000008ac00000, 0x0000000100000000)
  region size 1024K, 42 young (43008K), 0 survivors (0K)
 Metaspace       used 72262K, committed 73344K, reserved 1114112K
  class space    used 10459K, committed 10944K, reserved 1048576K
}
Event: 722.173 GC heap after
{Heap after GC invocations=70 (full 19):
 garbage-first heap   total 92160K, used 30334K [0x000000008ac00000, 0x0000000100000000)
  region size 1024K, 4 young (4096K), 4 survivors (4096K)
 Metaspace       used 72262K, committed 73344K, reserved 1114112K
  class space    used 10459K, committed 10944K, reserved 1048576K
}
Event: 726.445 GC heap before
{Heap before GC invocations=70 (full 19):
 garbage-first heap   total 92160K, used 41598K [0x000000008ac00000, 0x0000000100000000)
  region size 1024K, 16 young (16384K), 4 survivors (4096K)
 Metaspace       used 72293K, committed 73408K, reserved 1114112K
  class space    used 10462K, committed 10944K, reserved 1048576K
}
Event: 726.514 GC heap after
{Heap after GC invocations=71 (full 20):
 garbage-first heap   total 92160K, used 26397K [0x000000008ac00000, 0x0000000100000000)
  region size 1024K, 0 young (0K), 0 survivors (0K)
 Metaspace       used 72290K, committed 73408K, reserved 1114112K
  class space    used 10461K, committed 10944K, reserved 1048576K
}
Event: 727.792 GC heap before
{Heap before GC invocations=71 (full 20):
 garbage-first heap   total 92160K, used 68381K [0x000000008ac00000, 0x0000000100000000)
  region size 1024K, 42 young (43008K), 0 survivors (0K)
 Metaspace       used 72422K, committed 73536K, reserved 1114112K
  class space    used 10471K, committed 11008K, reserved 1048576K
}
Event: 727.799 GC heap after
{Heap after GC invocations=72 (full 20):
 garbage-first heap   total 110592K, used 30493K [0x000000008ac00000, 0x0000000100000000)
  region size 1024K, 4 young (4096K), 4 survivors (4096K)
 Metaspace       used 72422K, committed 73536K, reserved 1114112K
  class space    used 10471K, committed 11008K, reserved 1048576K
}
Event: 731.718 GC heap before
{Heap before GC invocations=72 (full 20):
 garbage-first heap   total 110592K, used 41757K [0x000000008ac00000, 0x0000000100000000)
  region size 1024K, 16 young (16384K), 4 survivors (4096K)
 Metaspace       used 72453K, committed 73600K, reserved 1114112K
  class space    used 10474K, committed 11008K, reserved 1048576K
}

